2025-09-21 23:27:40 [main] INFO  i.ratansgh.JWT_R4J.JwtR4JApplication - Starting JwtR4JApplication using Java 24.0.2 with PID 7342 (/Users/RATANS/Documents/HDFCLIFE MASAI TRAINING/DAY 18 [ JWT ]/JWT-R4J/target/classes started by RATANS in /Users/RATANS/Documents/HDFCLIFE MASAI TRAINING/DAY 18 [ JWT ]/JWT-R4J)
2025-09-21 23:27:40 [main] DEBUG i.ratansgh.JWT_R4J.JwtR4JApplication - Running with Spring Boot v3.5.5, Spring v6.2.10
2025-09-21 23:27:40 [main] INFO  i.ratansgh.JWT_R4J.JwtR4JApplication - No active profile set, falling back to 1 default profile: "default"
2025-09-21 23:27:41 [main] INFO  o.s.d.r.c.RepositoryConfigurationDelegate - Bootstrapping Spring Data JPA repositories in DEFAULT mode.
2025-09-21 23:27:41 [main] INFO  o.s.d.r.c.RepositoryConfigurationDelegate - Finished Spring Data repository scanning in 28 ms. Found 1 JPA repository interface.
2025-09-21 23:27:41 [main] INFO  o.s.b.w.e.tomcat.TomcatWebServer - Tomcat initialized with port 8080 (http)
2025-09-21 23:27:41 [main] INFO  o.a.catalina.core.StandardService - Starting service [Tomcat]
2025-09-21 23:27:41 [main] INFO  o.a.catalina.core.StandardEngine - Starting Servlet engine: [Apache Tomcat/10.1.44]
2025-09-21 23:27:41 [main] INFO  o.a.c.c.C.[Tomcat].[localhost].[/] - Initializing Spring embedded WebApplicationContext
2025-09-21 23:27:41 [main] INFO  o.s.b.w.s.c.ServletWebServerApplicationContext - Root WebApplicationContext: initialization completed in 522 ms
2025-09-21 23:27:41 [main] INFO  o.h.jpa.internal.util.LogHelper - HHH000204: Processing PersistenceUnitInfo [name: default]
2025-09-21 23:27:41 [main] INFO  org.hibernate.Version - HHH000412: Hibernate ORM core version 6.6.26.Final
2025-09-21 23:27:41 [main] INFO  o.h.c.i.RegionFactoryInitiator - HHH000026: Second-level cache disabled
2025-09-21 23:27:41 [main] INFO  o.s.o.j.p.SpringPersistenceUnitInfo - No LoadTimeWeaver setup: ignoring JPA class transformer
2025-09-21 23:27:41 [main] INFO  com.zaxxer.hikari.HikariDataSource - HikariPool-1 - Starting...
2025-09-21 23:27:41 [main] INFO  com.zaxxer.hikari.pool.HikariPool - HikariPool-1 - Added connection org.postgresql.jdbc.PgConnection@2e2b9f53
2025-09-21 23:27:41 [main] INFO  com.zaxxer.hikari.HikariDataSource - HikariPool-1 - Start completed.
2025-09-21 23:27:41 [main] WARN  org.hibernate.orm.deprecation - HHH90000025: PostgreSQLDialect does not need to be specified explicitly using 'hibernate.dialect' (remove the property setting and it will be selected by default)
2025-09-21 23:27:41 [main] INFO  o.hibernate.orm.connections.pooling - HHH10001005: Database info:
	Database JDBC URL [Connecting through datasource 'HikariDataSource (HikariPool-1)']
	Database driver: undefined/unknown
	Database version: 14.19
	Autocommit mode: undefined/unknown
	Isolation level: undefined/unknown
	Minimum pool size: undefined/unknown
	Maximum pool size: undefined/unknown
2025-09-21 23:27:41 [main] INFO  o.h.e.t.j.p.i.JtaPlatformInitiator - HHH000489: No JTA platform available (set 'hibernate.transaction.jta.platform' to enable JTA platform integration)
2025-09-21 23:27:41 [main] INFO  o.s.o.j.LocalContainerEntityManagerFactoryBean - Initialized JPA EntityManagerFactory for persistence unit 'default'
2025-09-21 23:27:42 [main] WARN  o.s.b.a.o.j.JpaBaseConfiguration$JpaWebConfiguration - spring.jpa.open-in-view is enabled by default. Therefore, database queries may be performed during view rendering. Explicitly configure spring.jpa.open-in-view to disable this warning
2025-09-21 23:27:42 [main] INFO  o.s.s.c.a.a.c.InitializeUserDetailsBeanManagerConfigurer$InitializeUserDetailsManagerConfigurer - Global AuthenticationManager configured with UserDetailsService bean with name myUserDetailService
2025-09-21 23:27:42 [main] DEBUG o.s.s.web.DefaultSecurityFilterChain - Will secure any request with filters: DisableEncodeUrlFilter, WebAsyncManagerIntegrationFilter, SecurityContextHolderFilter, HeaderWriterFilter, LogoutFilter, JwtValidatorFilter, BasicAuthenticationFilter, RequestCacheAwareFilter, SecurityContextHolderAwareRequestFilter, AnonymousAuthenticationFilter, ExceptionTranslationFilter, AuthorizationFilter
2025-09-21 23:27:42 [main] INFO  o.s.b.w.e.tomcat.TomcatWebServer - Tomcat started on port 8080 (http) with context path '/'
2025-09-21 23:27:42 [main] INFO  i.ratansgh.JWT_R4J.JwtR4JApplication - Started JwtR4JApplication in 1.492 seconds (process running for 1.652)
2025-09-21 23:27:45 [http-nio-8080-exec-1] INFO  o.a.c.c.C.[Tomcat].[localhost].[/] - Initializing Spring DispatcherServlet 'dispatcherServlet'
2025-09-21 23:27:45 [http-nio-8080-exec-1] INFO  o.s.web.servlet.DispatcherServlet - Initializing Servlet 'dispatcherServlet'
2025-09-21 23:27:45 [http-nio-8080-exec-1] INFO  o.s.web.servlet.DispatcherServlet - Completed initialization in 1 ms
2025-09-21 23:27:45 [http-nio-8080-exec-1] DEBUG o.s.security.web.FilterChainProxy - Securing GET /logging
2025-09-21 23:27:45 [http-nio-8080-exec-1] DEBUG o.s.security.web.FilterChainProxy - Secured GET /logging
2025-09-21 23:27:45 [http-nio-8080-exec-1] TRACE i.r.J.controller.EmployeeController - This is a TRACE level message
2025-09-21 23:27:45 [http-nio-8080-exec-1] DEBUG i.r.J.controller.EmployeeController - This is a DEBUG level message
2025-09-21 23:27:45 [http-nio-8080-exec-1] INFO  i.r.J.controller.EmployeeController - This is an INFO level message
2025-09-21 23:27:45 [http-nio-8080-exec-1] WARN  i.r.J.controller.EmployeeController - This is a WARN level message
2025-09-21 23:27:45 [http-nio-8080-exec-1] ERROR i.r.J.controller.EmployeeController - This is an ERROR level message
2025-09-21 23:28:03 [SpringApplicationShutdownHook] INFO  o.s.b.w.e.tomcat.GracefulShutdown - Commencing graceful shutdown. Waiting for active requests to complete
2025-09-21 23:28:03 [tomcat-shutdown] INFO  o.s.b.w.e.tomcat.GracefulShutdown - Graceful shutdown complete
2025-09-21 23:28:03 [SpringApplicationShutdownHook] INFO  o.s.o.j.LocalContainerEntityManagerFactoryBean - Closing JPA EntityManagerFactory for persistence unit 'default'
2025-09-21 23:28:03 [SpringApplicationShutdownHook] INFO  com.zaxxer.hikari.HikariDataSource - HikariPool-1 - Shutdown initiated...
2025-09-21 23:28:03 [SpringApplicationShutdownHook] INFO  com.zaxxer.hikari.HikariDataSource - HikariPool-1 - Shutdown completed.
