2025-09-28 19:59:12 [main] INFO  i.r.r.ResilienceApplicationTests - Starting ResilienceApplicationTests using Java 24.0.2 with PID 61922 (started by RATANS in /Users/RATANS/Documents/HDFCLIFE MASAI TRAINING/DAY 19 [ Resilience ]/Resilience)
2025-09-28 19:59:12 [main] DEBUG i.r.r.ResilienceApplicationTests - Running with Spring Boot v3.5.6, Spring v6.2.11
2025-09-28 19:59:12 [main] INFO  i.r.r.ResilienceApplicationTests - No active profile set, falling back to 1 default profile: "default"
2025-09-28 19:59:12 [main] DEBUG i.g.r.s.u.RxJava2OnClasspathCondition - RxJava2 related Aspect extensions are not activated, because RxJava2 is not on the classpath.
2025-09-28 19:59:12 [main] DEBUG i.g.r.s.u.RxJava3OnClasspathCondition - RxJava3 related Aspect extensions are not activated, because RxJava3 is not on the classpath.
2025-09-28 19:59:12 [main] DEBUG i.g.r.s.u.ReactorOnClasspathCondition - Reactor related Aspect extensions are not activated because Reactor is not on the classpath.
2025-09-28 19:59:12 [main] DEBUG i.g.r.s.u.RxJava2OnClasspathCondition - RxJava2 related Aspect extensions are not activated, because RxJava2 is not on the classpath.
2025-09-28 19:59:12 [main] DEBUG i.g.r.s.u.RxJava3OnClasspathCondition - RxJava3 related Aspect extensions are not activated, because RxJava3 is not on the classpath.
2025-09-28 19:59:12 [main] DEBUG i.g.r.s.u.ReactorOnClasspathCondition - Reactor related Aspect extensions are not activated because Reactor is not on the classpath.
2025-09-28 19:59:12 [main] DEBUG i.g.r.s.u.RxJava2OnClasspathCondition - RxJava2 related Aspect extensions are not activated, because RxJava2 is not on the classpath.
2025-09-28 19:59:12 [main] DEBUG i.g.r.s.u.RxJava3OnClasspathCondition - RxJava3 related Aspect extensions are not activated, because RxJava3 is not on the classpath.
2025-09-28 19:59:12 [main] DEBUG i.g.r.s.u.ReactorOnClasspathCondition - Reactor related Aspect extensions are not activated because Reactor is not on the classpath.
2025-09-28 19:59:12 [main] DEBUG i.g.r.s.u.RxJava2OnClasspathCondition - RxJava2 related Aspect extensions are not activated, because RxJava2 is not on the classpath.
2025-09-28 19:59:12 [main] DEBUG i.g.r.s.u.RxJava3OnClasspathCondition - RxJava3 related Aspect extensions are not activated, because RxJava3 is not on the classpath.
2025-09-28 19:59:12 [main] DEBUG i.g.r.s.u.ReactorOnClasspathCondition - Reactor related Aspect extensions are not activated because Reactor is not on the classpath.
2025-09-28 19:59:12 [main] DEBUG i.g.r.s.u.RxJava2OnClasspathCondition - RxJava2 related Aspect extensions are not activated, because RxJava2 is not on the classpath.
2025-09-28 19:59:12 [main] DEBUG i.g.r.s.u.RxJava3OnClasspathCondition - RxJava3 related Aspect extensions are not activated, because RxJava3 is not on the classpath.
2025-09-28 19:59:12 [main] DEBUG i.g.r.s.u.ReactorOnClasspathCondition - Reactor related Aspect extensions are not activated because Reactor is not on the classpath.
2025-09-28 19:59:12 [main] DEBUG i.g.r.s.u.RxJava2OnClasspathCondition - RxJava2 related Aspect extensions are not activated, because RxJava2 is not on the classpath.
2025-09-28 19:59:12 [main] DEBUG i.g.r.s.u.RxJava3OnClasspathCondition - RxJava3 related Aspect extensions are not activated, because RxJava3 is not on the classpath.
2025-09-28 19:59:12 [main] DEBUG i.g.r.s.u.ReactorOnClasspathCondition - Reactor related Aspect extensions are not activated because Reactor is not on the classpath.
2025-09-28 19:59:12 [main] DEBUG i.g.r.s.u.RxJava2OnClasspathCondition - RxJava2 related Aspect extensions are not activated, because RxJava2 is not on the classpath.
2025-09-28 19:59:12 [main] DEBUG i.g.r.s.u.RxJava3OnClasspathCondition - RxJava3 related Aspect extensions are not activated, because RxJava3 is not on the classpath.
2025-09-28 19:59:12 [main] DEBUG i.g.r.s.u.ReactorOnClasspathCondition - Reactor related Aspect extensions are not activated because Reactor is not on the classpath.
2025-09-28 19:59:12 [main] INFO  o.s.d.r.c.RepositoryConfigurationDelegate - Bootstrapping Spring Data JPA repositories in DEFAULT mode.
2025-09-28 19:59:12 [main] INFO  o.s.d.r.c.RepositoryConfigurationDelegate - Finished Spring Data repository scanning in 14 ms. Found 1 JPA repository interface.
2025-09-28 19:59:12 [main] INFO  o.h.jpa.internal.util.LogHelper - HHH000204: Processing PersistenceUnitInfo [name: default]
2025-09-28 19:59:12 [main] INFO  org.hibernate.Version - HHH000412: Hibernate ORM core version 6.6.29.Final
2025-09-28 19:59:12 [main] INFO  o.h.c.i.RegionFactoryInitiator - HHH000026: Second-level cache disabled
2025-09-28 19:59:12 [main] INFO  o.s.o.j.p.SpringPersistenceUnitInfo - No LoadTimeWeaver setup: ignoring JPA class transformer
2025-09-28 19:59:13 [main] INFO  com.zaxxer.hikari.HikariDataSource - HikariPool-1 - Starting...
2025-09-28 19:59:13 [main] INFO  com.zaxxer.hikari.pool.HikariPool - HikariPool-1 - Added connection org.postgresql.jdbc.PgConnection@32c6d164
2025-09-28 19:59:13 [main] INFO  com.zaxxer.hikari.HikariDataSource - HikariPool-1 - Start completed.
2025-09-28 19:59:13 [main] WARN  org.hibernate.orm.deprecation - HHH90000025: PostgreSQLDialect does not need to be specified explicitly using 'hibernate.dialect' (remove the property setting and it will be selected by default)
2025-09-28 19:59:13 [main] INFO  o.hibernate.orm.connections.pooling - HHH10001005: Database info:
	Database JDBC URL [Connecting through datasource 'HikariDataSource (HikariPool-1)']
	Database driver: undefined/unknown
	Database version: 14.19
	Autocommit mode: undefined/unknown
	Isolation level: undefined/unknown
	Minimum pool size: undefined/unknown
	Maximum pool size: undefined/unknown
2025-09-28 19:59:13 [main] INFO  o.h.e.t.j.p.i.JtaPlatformInitiator - HHH000489: No JTA platform available (set 'hibernate.transaction.jta.platform' to enable JTA platform integration)
2025-09-28 19:59:13 [main] INFO  o.s.o.j.LocalContainerEntityManagerFactoryBean - Initialized JPA EntityManagerFactory for persistence unit 'default'
2025-09-28 19:59:13 [main] WARN  o.s.b.a.o.j.JpaBaseConfiguration$JpaWebConfiguration - spring.jpa.open-in-view is enabled by default. Therefore, database queries may be performed during view rendering. Explicitly configure spring.jpa.open-in-view to disable this warning
2025-09-28 19:59:14 [main] INFO  o.s.b.a.e.web.EndpointLinksResolver - Exposing 1 endpoint beneath base path '/actuator'
2025-09-28 19:59:14 [main] INFO  i.r.r.ResilienceApplicationTests - Started ResilienceApplicationTests in 2.117 seconds (process running for 2.465)
2025-09-28 19:59:14 [SpringApplicationShutdownHook] INFO  o.s.o.j.LocalContainerEntityManagerFactoryBean - Closing JPA EntityManagerFactory for persistence unit 'default'
2025-09-28 19:59:14 [SpringApplicationShutdownHook] INFO  com.zaxxer.hikari.HikariDataSource - HikariPool-1 - Shutdown initiated...
2025-09-28 19:59:14 [SpringApplicationShutdownHook] INFO  com.zaxxer.hikari.HikariDataSource - HikariPool-1 - Shutdown completed.
